<?xml version="1.0" encoding="UTF-8"?>
<!-- Generated by org.testng.reporters.JUnitXMLReporter -->
<testsuite hostname="Aleksa-PC" ignored="0" name="Default test" tests="6" failures="0" timestamp="2020-08-28T18:37:09 CEST" time="2.402" errors="0">
  <testcase name="test_DELETE01" time="2.091" classname="package_3.DataDrivenTest_DELETE"/>
  <testcase name="test_DELETE01" time="0.046" classname="package_3.DataDrivenTest_DELETE"/>
  <testcase name="test_DELETE01" time="0.047" classname="package_3.DataDrivenTest_DELETE"/>
  <testcase name="test_DELETE01" time="0.063" classname="package_3.DataDrivenTest_DELETE"/>
  <testcase name="test_DELETE01" time="0.046" classname="package_3.DataDrivenTest_DELETE"/>
  <testcase name="test_DELETE01" time="0.063" classname="package_3.DataDrivenTest_DELETE"/>
</testsuite> <!-- Default test -->
